
> protectmybrand-landing@1.0.0 dev
> vite


  VITE v5.4.20  ready in 256 ms

  ➜  Local:   http://localhost:3000/
  ➜  Network: http://172.20.5.246:3000/
10:13:13 PM [vite] Pre-transform error: Failed to resolve import "react-compare-slider" from "src/components/sections/Transformation.jsx". Does the file exist?
10:13:13 PM [vite] Internal server error: Failed to resolve import "react-compare-slider" from "src/components/sections/Transformation.jsx". Does the file exist?
  Plugin: vite:import-analysis
  File: /home/workspace/src/components/sections/Transformation.jsx:6:60
  5  |  import Container from "../ui/Container";
  6  |  import StatCard from "../ui/StatCard";
  7  |  import { ReactCompareSlider, ReactCompareSliderImage } from "react-compare-slider";
     |                                                               ^
  8  |  const fadeUp = {
  9  |    hidden: { opacity: 0, y: 20 },
      at TransformPluginContext._formatError (file:///home/workspace/node_modules/vite/dist/node/chunks/dep-D_zLpgQd.js:49258:41)
      at TransformPluginContext.error (file:///home/workspace/node_modules/vite/dist/node/chunks/dep-D_zLpgQd.js:49253:16)
      at normalizeUrl (file:///home/workspace/node_modules/vite/dist/node/chunks/dep-D_zLpgQd.js:64306:23)
      at process.processTicksAndRejections (node:internal/process/task_queues:105:5)
      at async file:///home/workspace/node_modules/vite/dist/node/chunks/dep-D_zLpgQd.js:64438:39
      at async Promise.all (index 6)
      at async TransformPluginContext.transform (file:///home/workspace/node_modules/vite/dist/node/chunks/dep-D_zLpgQd.js:64365:7)
      at async PluginContainer.transform (file:///home/workspace/node_modules/vite/dist/node/chunks/dep-D_zLpgQd.js:49099:18)
      at async loadAndTransform (file:///home/workspace/node_modules/vite/dist/node/chunks/dep-D_zLpgQd.js:51977:27)
      at async viteTransformMiddleware (file:///home/workspace/node_modules/vite/dist/node/chunks/dep-D_zLpgQd.js:62105:24)
10:13:40 PM [vite] Internal server error: Failed to resolve import "react-compare-slider" from "src/components/sections/Transformation.jsx". Does the file exist?
  Plugin: vite:import-analysis
  File: /home/workspace/src/components/sections/Transformation.jsx:6:60
  5  |  import Container from "../ui/Container";
  6  |  import StatCard from "../ui/StatCard";
  7  |  import { ReactCompareSlider, ReactCompareSliderImage } from "react-compare-slider";
     |                                                               ^
  8  |  const fadeUp = {
  9  |    hidden: { opacity: 0, y: 20 },
      at TransformPluginContext._formatError (file:///home/workspace/node_modules/vite/dist/node/chunks/dep-D_zLpgQd.js:49258:41)
      at TransformPluginContext.error (file:///home/workspace/node_modules/vite/dist/node/chunks/dep-D_zLpgQd.js:49253:16)
      at normalizeUrl (file:///home/workspace/node_modules/vite/dist/node/chunks/dep-D_zLpgQd.js:64306:23)
      at process.processTicksAndRejections (node:internal/process/task_queues:105:5)
      at async file:///home/workspace/node_modules/vite/dist/node/chunks/dep-D_zLpgQd.js:64438:39
      at async Promise.all (index 6)
      at async TransformPluginContext.transform (file:///home/workspace/node_modules/vite/dist/node/chunks/dep-D_zLpgQd.js:64365:7)
      at async PluginContainer.transform (file:///home/workspace/node_modules/vite/dist/node/chunks/dep-D_zLpgQd.js:49099:18)
      at async loadAndTransform (file:///home/workspace/node_modules/vite/dist/node/chunks/dep-D_zLpgQd.js:51977:27)
      at async viteTransformMiddleware (file:///home/workspace/node_modules/vite/dist/node/chunks/dep-D_zLpgQd.js:62105:24)
